 
****************************************
Report : area
Design : fft8
Version: M-2016.12-SP5
Date   : Mon Dec  4 00:00:19 2017
****************************************

Library(s) Used:

    NangateOpenCellLibrary (File: /home/zpfravel/Desktop/fft8_nangate/lib/db/NangateOpenCellLibrary_typical_ecsm.db)

Number of ports:                          344
Number of nets:                         40467
Number of cells:                        37582
Number of combinational cells:          26826
Number of sequential cells:             10750
Number of macros/black boxes:               0
Number of buf/inv:                       8118
Number of references:                      40

Combinational area:              30757.580650
Buf/Inv area:                     4467.204027
Noncombinational area:           48609.636237
Macro/Black Box area:                0.000000
Net Interconnect area:      undefined  (Wire load has zero net area)

Total cell area:                 79367.216887
Total area:                 undefined
1
