Information: Updating design information... (UID-85)
Warning: Design 'fft8' contains 2 high-fanout nets. A fanout number of 1000 will be used for delay calculations involving these nets. (TIM-134)
 
****************************************
Report : timing
        -path full
        -delay max
        -max_paths 1
Design : fft8
Version: M-2016.12-SP5
Date   : Mon Dec  4 00:00:19 2017
****************************************

 # A fanout number of 1000 was used for high fanout net computations.

Operating Conditions: typical   Library: NangateOpenCellLibrary
Wire Load Model Mode: top

  Startpoint: stage9/codeBlockIsnt16714/tm41_reg[1]
              (rising edge-triggered flip-flop clocked by clk)
  Endpoint: stage9/codeBlockIsnt16714/m14983/q_reg[0][15]
            (rising edge-triggered flip-flop clocked by clk)
  Path Group: clk
  Path Type: max

  Des/Clust/Port     Wire Load Model       Library
  ------------------------------------------------
  fft8               5K_hvratio_1_1        NangateOpenCellLibrary

  Point                                                   Incr       Path
  --------------------------------------------------------------------------
  clock clk (rise edge)                                   0.00       0.00
  clock network delay (ideal)                             0.00       0.00
  stage9/codeBlockIsnt16714/tm41_reg[1]/CK (DFF_X1)       0.00 #     0.00 r
  stage9/codeBlockIsnt16714/tm41_reg[1]/QN (DFF_X1)       0.16       0.16 r
  U11050/ZN (NAND2_X1)                                    0.06       0.22 f
  U11051/ZN (OAI21_X1)                                    0.08       0.30 r
  U11052/ZN (INV_X1)                                      0.09       0.39 f
  U11056/ZN (AOI21_X1)                                    0.16       0.55 r
  U11087/ZN (INV_X1)                                      0.06       0.61 f
  U11088/ZN (OAI22_X1)                                    0.08       0.69 r
  U11089/Z (XOR2_X1)                                      0.09       0.78 r
  U11090/ZN (OAI22_X1)                                    0.05       0.83 f
  U11091/ZN (AOI21_X1)                                    0.06       0.89 r
  U11092/ZN (AOI21_X1)                                    0.03       0.92 f
  U11098/ZN (OAI21_X1)                                    0.05       0.97 r
  U11103/ZN (AOI222_X1)                                   0.05       1.02 f
  intadd_1/U8/CO (FA_X1)                                  0.11       1.13 f
  intadd_1/U7/CO (FA_X1)                                  0.09       1.22 f
  intadd_1/U6/CO (FA_X1)                                  0.09       1.31 f
  intadd_1/U5/CO (FA_X1)                                  0.09       1.40 f
  intadd_1/U4/CO (FA_X1)                                  0.09       1.49 f
  intadd_1/U3/CO (FA_X1)                                  0.09       1.58 f
  intadd_1/U2/CO (FA_X1)                                  0.09       1.67 f
  U11166/ZN (OAI21_X1)                                    0.05       1.72 r
  U11167/ZN (OAI21_X1)                                    0.03       1.75 f
  stage9/codeBlockIsnt16714/m14983/q_reg[0][15]/D (DFF_X1)
                                                          0.01       1.76 f
  data arrival time                                                  1.76

  clock clk (rise edge)                                  40.00      40.00
  clock network delay (ideal)                             0.00      40.00
  stage9/codeBlockIsnt16714/m14983/q_reg[0][15]/CK (DFF_X1)
                                                          0.00      40.00 r
  library setup time                                     -0.04      39.96
  data required time                                                39.96
  --------------------------------------------------------------------------
  data required time                                                39.96
  data arrival time                                                 -1.76
  --------------------------------------------------------------------------
  slack (MET)                                                       38.19


1
