****************************************
Report : Averaged Power
Design : myPMul32_4
Version: M-2017.06-SP1
Date   : Sat Nov 18 17:36:59 2017
****************************************



  Attributes
  ----------
      i  -  Including register clock pin internal power
      u  -  User defined power group

                        Internal  Switching  Leakage    Total
Power Group             Power     Power      Power      Power   (     %)  Attrs
--------------------------------------------------------------------------------
clock_network           2.785e-04    0.0000    0.0000 2.785e-04 ( 1.84%)  i
register                1.449e-04 1.592e-04 3.054e-05 3.346e-04 ( 2.22%)  
combinational           6.866e-03 6.793e-03 8.308e-04    0.0145 (95.94%)  
sequential                 0.0000    0.0000    0.0000    0.0000 ( 0.00%)  
memory                     0.0000    0.0000    0.0000    0.0000 ( 0.00%)  
io_pad                     0.0000    0.0000    0.0000    0.0000 ( 0.00%)  
black_box                  0.0000    0.0000    0.0000    0.0000 ( 0.00%)  

  Net Switching Power  = 6.952e-03   (46.03%)
  Cell Internal Power  = 7.290e-03   (48.27%)
  Cell Leakage Power   = 8.614e-04   ( 5.70%)
                         ---------
Total Power            =    0.0151  (100.00%)

1
****************************************
Report : Averaged Power
Design : myPMul32_4
Version: M-2017.06-SP1
Date   : Sat Nov 18 17:41:38 2017
****************************************



  Attributes
  ----------
      i  -  Including register clock pin internal power
      u  -  User defined power group

                        Internal  Switching  Leakage    Total
Power Group             Power     Power      Power      Power   (     %)  Attrs
--------------------------------------------------------------------------------
clock_network           1.393e-04    0.0000    0.0000 1.393e-04 ( 1.74%)  i
register                7.247e-05 7.958e-05 3.054e-05 1.826e-04 ( 2.29%)  
combinational           3.433e-03 3.396e-03 8.308e-04 7.660e-03 (95.97%)  
sequential                 0.0000    0.0000    0.0000    0.0000 ( 0.00%)  
memory                     0.0000    0.0000    0.0000    0.0000 ( 0.00%)  
io_pad                     0.0000    0.0000    0.0000    0.0000 ( 0.00%)  
black_box                  0.0000    0.0000    0.0000    0.0000 ( 0.00%)  

  Net Switching Power  = 3.476e-03   (43.55%)
  Cell Internal Power  = 3.645e-03   (45.66%)
  Cell Leakage Power   = 8.614e-04   (10.79%)
                         ---------
Total Power            = 7.982e-03  (100.00%)

1
