Information: Updating design information... (UID-85)
 
****************************************
Report : timing
        -path full
        -delay max
        -max_paths 1
Design : Adder64
Version: M-2016.12-SP5
Date   : Sun Nov  5 13:08:42 2017
****************************************

Operating Conditions: typical   Library: gscl45nm
Wire Load Model Mode: top

  Startpoint: cin (input port)
  Endpoint: sum[63] (output port)
  Path Group: (none)
  Path Type: max

  Point                                    Incr       Path
  -----------------------------------------------------------
  input external delay                     0.00       0.00 f
  cin (in)                                 0.00       0.00 f
  intadd_0/U65/YC (FAX1)                   0.08       0.08 f
  intadd_0/U64/YC (FAX1)                   0.08       0.17 f
  intadd_0/U63/YC (FAX1)                   0.08       0.25 f
  intadd_0/U62/YC (FAX1)                   0.08       0.33 f
  intadd_0/U61/YC (FAX1)                   0.08       0.41 f
  intadd_0/U60/YC (FAX1)                   0.08       0.49 f
  intadd_0/U59/YC (FAX1)                   0.08       0.57 f
  intadd_0/U58/YC (FAX1)                   0.08       0.65 f
  intadd_0/U57/YC (FAX1)                   0.08       0.74 f
  intadd_0/U56/YC (FAX1)                   0.08       0.82 f
  intadd_0/U55/YC (FAX1)                   0.08       0.90 f
  intadd_0/U54/YC (FAX1)                   0.08       0.98 f
  intadd_0/U53/YC (FAX1)                   0.08       1.06 f
  intadd_0/U52/YC (FAX1)                   0.08       1.14 f
  intadd_0/U51/YC (FAX1)                   0.08       1.23 f
  intadd_0/U50/YC (FAX1)                   0.08       1.31 f
  intadd_0/U49/YC (FAX1)                   0.08       1.39 f
  intadd_0/U48/YC (FAX1)                   0.08       1.47 f
  intadd_0/U47/YC (FAX1)                   0.08       1.55 f
  intadd_0/U46/YC (FAX1)                   0.08       1.63 f
  intadd_0/U45/YC (FAX1)                   0.08       1.71 f
  intadd_0/U44/YC (FAX1)                   0.08       1.80 f
  intadd_0/U43/YC (FAX1)                   0.08       1.88 f
  intadd_0/U42/YC (FAX1)                   0.08       1.96 f
  intadd_0/U41/YC (FAX1)                   0.08       2.04 f
  intadd_0/U40/YC (FAX1)                   0.08       2.12 f
  intadd_0/U39/YC (FAX1)                   0.08       2.20 f
  intadd_0/U38/YC (FAX1)                   0.08       2.28 f
  intadd_0/U37/YC (FAX1)                   0.08       2.37 f
  intadd_0/U36/YC (FAX1)                   0.08       2.45 f
  intadd_0/U35/YC (FAX1)                   0.08       2.53 f
  intadd_0/U34/YC (FAX1)                   0.08       2.61 f
  intadd_0/U33/YC (FAX1)                   0.08       2.69 f
  intadd_0/U32/YC (FAX1)                   0.08       2.77 f
  intadd_0/U31/YC (FAX1)                   0.08       2.85 f
  intadd_0/U30/YC (FAX1)                   0.08       2.94 f
  intadd_0/U29/YC (FAX1)                   0.08       3.02 f
  intadd_0/U28/YC (FAX1)                   0.08       3.10 f
  intadd_0/U27/YC (FAX1)                   0.08       3.18 f
  intadd_0/U26/YC (FAX1)                   0.08       3.26 f
  intadd_0/U25/YC (FAX1)                   0.08       3.34 f
  intadd_0/U24/YC (FAX1)                   0.08       3.43 f
  intadd_0/U23/YC (FAX1)                   0.08       3.51 f
  intadd_0/U22/YC (FAX1)                   0.08       3.59 f
  intadd_0/U21/YC (FAX1)                   0.08       3.67 f
  intadd_0/U20/YC (FAX1)                   0.08       3.75 f
  intadd_0/U19/YC (FAX1)                   0.08       3.83 f
  intadd_0/U18/YC (FAX1)                   0.08       3.91 f
  intadd_0/U17/YC (FAX1)                   0.08       4.00 f
  intadd_0/U16/YC (FAX1)                   0.08       4.08 f
  intadd_0/U15/YC (FAX1)                   0.08       4.16 f
  intadd_0/U14/YC (FAX1)                   0.08       4.24 f
  intadd_0/U13/YC (FAX1)                   0.08       4.32 f
  intadd_0/U12/YC (FAX1)                   0.08       4.40 f
  intadd_0/U11/YC (FAX1)                   0.08       4.48 f
  intadd_0/U10/YC (FAX1)                   0.08       4.57 f
  intadd_0/U9/YC (FAX1)                    0.08       4.65 f
  intadd_0/U8/YC (FAX1)                    0.08       4.73 f
  intadd_0/U7/YC (FAX1)                    0.08       4.81 f
  intadd_0/U6/YC (FAX1)                    0.08       4.89 f
  intadd_0/U5/YC (FAX1)                    0.08       4.97 f
  intadd_0/U4/YC (FAX1)                    0.08       5.06 f
  intadd_0/U3/YC (FAX1)                    0.08       5.14 f
  intadd_0/U2/YS (FAX1)                    0.07       5.21 f
  sum[63] (out)                            0.00       5.21 f
  data arrival time                                   5.21
  -----------------------------------------------------------
  (Path is unconstrained)


1
