Information: Derived library resistance unit is 999.999939 Kohm (Time unit is 1 ns, and Capacitance unit is 0.001000 pF). (DES-028)
Warning: The net 'clk' has too many (64904) nodes, so a lumped capacitance will be used instead. (PARA-004)

****************************************
Report : read_parasitics /home/zpfravel/Desktop/fft8/fft8.spef
	-keep_capacitive_coupling
Design : fft8
Version: M-2017.06-SP1
Date   : Wed Dec  6 17:35:00 2017
****************************************

        0 error(s)
        Format is SPEF
        Annotated nets                   :        41041
        Annotated capacitances           :       804778
        Annotated resistances            :       763737
        Annotated coupling capacitances  :            0
        Annotated PI models              :            0
        Annotated Elmore delays          :            0

****************************************
Report : annotated_parasitics
	-check
	-internal_nets
	-boundary_nets
Design : fft8
Version: M-2017.06-SP1
Date   : Wed Dec  6 17:35:00 2017
****************************************

                    |         |         |         |   RC    |   Not   |
Net Type            |  Total  | Lumped  |  RC pi  | network |Annotated|
--------------------+---------+---------+---------+---------+---------+
Internal nets       |         |         |         |         |         |
  - Pin to pin nets |   40973 |       0 |       0 |   40973 |       0 |
  - Driverless nets |     155 |       0 |       0 |       0 |     155 |
  - Loadless nets   |       0 |       0 |       0 |       0 |       0 |
--------------------+---------+---------+---------+---------+---------+
Boundary/port nets  |         |         |         |         |         |
  - Pin to pin nets |      68 |       1 |       0 |      67 |       0 |
  - Driverless nets |       0 |       0 |       0 |       0 |       0 |
  - Loadless nets   |       0 |       0 |       0 |       0 |       0 |
--------------------+---------+---------+---------+---------+---------+
                    |   41196 |       1 |       0 |   41040 |     155 |

